{"level":"error","message":"Failed to create inspiration for URL: https://edunexttechnologies.com/reach-us.php. Error: An error occurred while creating inspiration","method":"POST","status":"error","statusCode":500,"timestamp":"2025-04-30T08:23:46.899Z","url":"/api/inspirations"}
{"level":"error","message":"Failed to create inspiration for URL: https://edunexttechnologies.com/reach-us.php. Error: An error occurred while creating inspiration","method":"POST","status":"error","statusCode":500,"timestamp":"2025-04-30T08:30:18.064Z","url":"/api/inspirations"}
{"level":"error","message":"Failed to create inspiration for URL: https://edunexttechnologies.com/reach-us.php. Error: An error occurred while creating inspiration","method":"POST","status":"error","statusCode":500,"timestamp":"2025-04-30T08:32:48.943Z","url":"/api/inspirations"}
{"level":"error","message":"Failed to create inspiration for URL: https://edunexttechnologies.com/reach-us.php. Error: Title is required","method":"POST","status":"error","statusCode":500,"timestamp":"2025-04-30T09:00:23.495Z","url":"/api/inspirations"}
{"level":"error","message":"Failed to create inspiration for URL: https://edunexttechnologies.com/reach-us.php. Error: Title is required","method":"POST","status":"error","statusCode":500,"timestamp":"2025-04-30T09:00:49.618Z","url":"/api/inspirations"}
{"level":"error","message":"Failed to create inspiration for URL: https://edunexttechnologies.com/reach-us.php. Error: An error occurred while creating inspiration","method":"POST","status":"error","statusCode":500,"timestamp":"2025-04-30T09:02:02.559Z","url":"/api/inspirations"}
{"level":"error","message":"Failed to create inspiration for URL: https://edunexttechnologies.com/reach-us.php. Error: An error occurred while creating inspiration","method":"POST","status":"error","statusCode":500,"timestamp":"2025-04-30T09:02:29.763Z","url":"/api/inspirations"}
{"level":"error","message":"Failed to create inspiration for URL: https://edunexttechnologies.com/reach-us.php. Error: An error occurred while creating inspiration","method":"POST","status":"error","statusCode":500,"timestamp":"2025-04-30T09:03:40.724Z","url":"/api/inspirations"}
{"level":"error","message":"Failed to extract links: Timed out after 30000 ms while waiting for the WS endpoint URL to appear in stdout!","method":"POST","status":"error","statusCode":500,"timestamp":"2025-04-30T14:36:10.624Z","url":"/api/extract-links"}
{"level":"error","message":"Failed to create inspiration for URL: https://edunexttechnologies.com/reach-us.php. Error: An error occurred while creating inspiration","method":"POST","status":"error","statusCode":500,"timestamp":"2025-04-30T14:37:05.278Z","url":"/api/inspirations"}
{"level":"error","message":"Failed to create inspiration for URL: https://edunexttechnologies.com/reach-us.php. Error: An error occurred while creating inspiration","method":"POST","status":"error","statusCode":500,"timestamp":"2025-04-30T14:41:58.841Z","url":"/api/inspirations"}
{"level":"error","message":"Failed to create inspiration for URL: https://edunexttechnologies.com/reach-us.php. Error: An error occurred while creating inspiration","method":"POST","status":"error","statusCode":500,"timestamp":"2025-04-30T15:32:36.372Z","url":"/api/inspirations"}
{"level":"error","message":"Failed to create inspiration for URL: https://edunexttechnologies.com/reach-us.php. Error: An error occurred while creating inspiration","method":"POST","status":"error","statusCode":500,"timestamp":"2025-04-30T15:42:20.835Z","url":"/api/inspirations"}
{"level":"error","message":"Failed to create inspiration for URL: https://edunexttechnologies.com/reach-us.php. Error: An error occurred while creating inspiration","method":"POST","status":"error","statusCode":500,"timestamp":"2025-04-30T15:46:26.228Z","url":"/api/inspirations"}
{"level":"error","message":"Failed to create inspiration for URL: https://edunexttechnologies.com/reach-us.php. Error: An error occurred while creating inspiration","method":"POST","status":"error","statusCode":500,"timestamp":"2025-04-30T15:47:07.480Z","url":"/api/inspirations"}
{"level":"error","message":"Failed to create inspiration for URL: https://edunexttechnologies.com/reach-us.php. Error: An error occurred while creating inspiration","method":"POST","status":"error","statusCode":500,"timestamp":"2025-04-30T15:47:38.744Z","url":"/api/inspirations"}
{"level":"error","message":"Failed to create inspiration for URL: https://edunexttechnologies.com/reach-us.php. Error: An error occurred while creating inspiration","method":"POST","status":"error","statusCode":500,"timestamp":"2025-04-30T15:48:47.898Z","url":"/api/inspirations"}
{"level":"error","message":"An error occurred while fetching the inspiration.","method":"GET","status":"error","statusCode":500,"timestamp":"2025-04-30T15:53:11.221Z","url":"/api/inspirations"}
{"level":"error","message":"An error occurred while fetching the inspiration.","method":"GET","status":"error","statusCode":500,"timestamp":"2025-04-30T15:54:15.772Z","url":"/api/inspirations"}
{"level":"error","message":"An error occurred while fetching the inspiration.","method":"GET","status":"error","statusCode":500,"timestamp":"2025-04-30T15:54:26.572Z","url":"/api/inspirations"}
{"level":"error","message":"An error occurred while fetching the inspiration.","method":"GET","status":"error","statusCode":500,"timestamp":"2025-04-30T15:54:57.045Z","url":"/api/inspirations"}
{"level":"error","message":"An error occurred while fetching the inspiration.","method":"GET","status":"error","statusCode":500,"timestamp":"2025-04-30T15:55:12.979Z","url":"/api/inspirations"}
{"level":"error","message":"An error occurred while fetching the inspiration.","method":"GET","status":"error","statusCode":500,"timestamp":"2025-04-30T15:56:09.583Z","url":"/api/inspirations"}
{"level":"error","message":"An error occurred while fetching the inspiration.","method":"GET","status":"error","statusCode":500,"timestamp":"2025-04-30T15:56:27.851Z","url":"/api/inspirations"}
{"level":"error","message":"TypeError: inspiration.slice is not a function","method":"GET","status":"error","statusCode":500,"timestamp":"2025-04-30T15:56:57.559Z","url":"/api/inspirations"}
{"level":"error","message":"ReferenceError: response is not defined","method":"GET","status":"error","statusCode":500,"timestamp":"2025-04-30T15:57:33.739Z","url":"/api/inspirations"}
{"level":"error","message":"ReferenceError: response is not defined","method":"GET","status":"error","statusCode":500,"timestamp":"2025-04-30T15:58:21.205Z","url":"/api/inspirations"}
